This file contains any messages produced by compilers while
running configure, to aid debugging if configure makes a mistake.

It was created by UKL configure 1.0.0, which was
generated by GNU Autoconf 2.71.  Invocation command line was

  $ ../configure

## --------- ##
## Platform. ##
## --------- ##

hostname = vraiti-Pulse-GL66-11UGKV
uname -m = x86_64
uname -r = 6.5.0-26-generic
uname -s = Linux
uname -v = #26~22.04.1-Ubuntu SMP PREEMPT_DYNAMIC Tue Mar 12 10:22:43 UTC 2

/usr/bin/uname -p = x86_64
/bin/uname -X     = unknown

/bin/arch              = x86_64
/usr/bin/arch -k       = unknown
/usr/convex/getsysinfo = unknown
/usr/bin/hostinfo      = unknown
/bin/machine           = unknown
/usr/bin/oslevel       = unknown
/bin/universe          = unknown

PATH: /home/vraiti/.local/bin/
PATH: /home/vraiti/.local/bin/
PATH: /usr/local/sbin/
PATH: /usr/local/bin/
PATH: /usr/sbin/
PATH: /usr/bin/
PATH: /sbin/
PATH: /bin/
PATH: /usr/games/
PATH: /usr/local/games/
PATH: /snap/bin/
PATH: /snap/bin/
PATH: /home/vraiti/.local/bin/
PATH: /home/vraiti/.bin/
PATH: /home/vraiti/.local/bin/
PATH: /home/vraiti/.bin/


## ----------- ##
## Core tests. ##
## ----------- ##

configure:2255: looking for aux files: missing install-sh compile
configure:2268:  trying ../
configure:2297:   ../missing found
configure:2279:   ../install-sh found
configure:2297:   ../compile found
configure:2477: checking for gcc
configure:2498: found /usr/bin/gcc
configure:2509: result: gcc
configure:2862: checking for C compiler version
configure:2871: gcc --version >&5
gcc (Ubuntu 11.4.0-1ubuntu1~22.04) 11.4.0
Copyright (C) 2021 Free Software Foundation, Inc.
This is free software; see the source for copying conditions.  There is NO
warranty; not even for MERCHANTABILITY or FITNESS FOR A PARTICULAR PURPOSE.

configure:2882: $? = 0
configure:2871: gcc -v >&5
Using built-in specs.
COLLECT_GCC=gcc
COLLECT_LTO_WRAPPER=/usr/lib/gcc/x86_64-linux-gnu/11/lto-wrapper
OFFLOAD_TARGET_NAMES=nvptx-none:amdgcn-amdhsa
OFFLOAD_TARGET_DEFAULT=1
Target: x86_64-linux-gnu
Configured with: ../src/configure -v --with-pkgversion='Ubuntu 11.4.0-1ubuntu1~22.04' --with-bugurl=file:///usr/share/doc/gcc-11/README.Bugs --enable-languages=c,ada,c++,go,brig,d,fortran,objc,obj-c++,m2 --prefix=/usr --with-gcc-major-version-only --program-suffix=-11 --program-prefix=x86_64-linux-gnu- --enable-shared --enable-linker-build-id --libexecdir=/usr/lib --without-included-gettext --enable-threads=posix --libdir=/usr/lib --enable-nls --enable-bootstrap --enable-clocale=gnu --enable-libstdcxx-debug --enable-libstdcxx-time=yes --with-default-libstdcxx-abi=new --enable-gnu-unique-object --disable-vtable-verify --enable-plugin --enable-default-pie --with-system-zlib --enable-libphobos-checking=release --with-target-system-zlib=auto --enable-objc-gc=auto --enable-multiarch --disable-werror --enable-cet --with-arch-32=i686 --with-abi=m64 --with-multilib-list=m32,m64,mx32 --enable-multilib --with-tune=generic --enable-offload-targets=nvptx-none=/build/gcc-11-XeT9lY/gcc-11-11.4.0/debian/tmp-nvptx/usr,amdgcn-amdhsa=/build/gcc-11-XeT9lY/gcc-11-11.4.0/debian/tmp-gcn/usr --without-cuda-driver --enable-checking=release --build=x86_64-linux-gnu --host=x86_64-linux-gnu --target=x86_64-linux-gnu --with-build-config=bootstrap-lto-lean --enable-link-serialization=2
Thread model: posix
Supported LTO compression algorithms: zlib zstd
gcc version 11.4.0 (Ubuntu 11.4.0-1ubuntu1~22.04) 
... rest of stderr output deleted ...
configure:2882: $? = 0
configure:2871: gcc -V >&5
gcc: error: unrecognized command-line option '-V'
gcc: fatal error: no input files
compilation terminated.
configure:2882: $? = 1
configure:2871: gcc -qversion >&5
gcc: error: unrecognized command-line option '-qversion'; did you mean '--version'?
gcc: fatal error: no input files
compilation terminated.
configure:2882: $? = 1
configure:2871: gcc -version >&5
gcc: error: unrecognized command-line option '-version'
gcc: fatal error: no input files
compilation terminated.
configure:2882: $? = 1
configure:2902: checking whether the C compiler works
configure:2924: gcc    conftest.c  >&5
configure:2928: $? = 0
configure:2978: result: yes
configure:2981: checking for C compiler default output file name
configure:2983: result: a.out
configure:2989: checking for suffix of executables
configure:2996: gcc -o conftest    conftest.c  >&5
configure:3000: $? = 0
configure:3023: result: 
configure:3045: checking whether we are cross compiling
configure:3053: gcc -o conftest    conftest.c  >&5
configure:3057: $? = 0
configure:3064: ./conftest
configure:3068: $? = 0
configure:3083: result: no
configure:3088: checking for suffix of object files
configure:3111: gcc -c   conftest.c >&5
configure:3115: $? = 0
configure:3137: result: o
configure:3141: checking whether the compiler supports GNU C
configure:3161: gcc -c   conftest.c >&5
configure:3161: $? = 0
configure:3171: result: yes
configure:3182: checking whether gcc accepts -g
configure:3203: gcc -c -g  conftest.c >&5
configure:3203: $? = 0
configure:3247: result: yes
configure:3267: checking for gcc option to enable C11 features
configure:3282: gcc  -c -g -O2  conftest.c >&5
configure:3282: $? = 0
configure:3300: result: none needed
configure:3416: checking whether gcc understands -c and -o together
configure:3439: gcc -c conftest.c -o conftest2.o
configure:3442: $? = 0
configure:3439: gcc -c conftest.c -o conftest2.o
configure:3442: $? = 0
configure:3454: result: yes
configure:3476: checking for stdio.h
configure:3476: gcc -c -g -O2  conftest.c >&5
configure:3476: $? = 0
configure:3476: result: yes
configure:3476: checking for stdlib.h
configure:3476: gcc -c -g -O2  conftest.c >&5
configure:3476: $? = 0
configure:3476: result: yes
configure:3476: checking for string.h
configure:3476: gcc -c -g -O2  conftest.c >&5
configure:3476: $? = 0
configure:3476: result: yes
configure:3476: checking for inttypes.h
configure:3476: gcc -c -g -O2  conftest.c >&5
configure:3476: $? = 0
configure:3476: result: yes
configure:3476: checking for stdint.h
configure:3476: gcc -c -g -O2  conftest.c >&5
configure:3476: $? = 0
configure:3476: result: yes
configure:3476: checking for strings.h
configure:3476: gcc -c -g -O2  conftest.c >&5
configure:3476: $? = 0
configure:3476: result: yes
configure:3476: checking for sys/stat.h
configure:3476: gcc -c -g -O2  conftest.c >&5
configure:3476: $? = 0
configure:3476: result: yes
configure:3476: checking for sys/types.h
configure:3476: gcc -c -g -O2  conftest.c >&5
configure:3476: $? = 0
configure:3476: result: yes
configure:3476: checking for unistd.h
configure:3476: gcc -c -g -O2  conftest.c >&5
configure:3476: $? = 0
configure:3476: result: yes
configure:3476: checking for wchar.h
configure:3476: gcc -c -g -O2  conftest.c >&5
configure:3476: $? = 0
configure:3476: result: yes
configure:3476: checking for minix/config.h
configure:3476: gcc -c -g -O2  conftest.c >&5
conftest.c:47:10: fatal error: minix/config.h: No such file or directory
   47 | #include <minix/config.h>
      |          ^~~~~~~~~~~~~~~~
compilation terminated.
configure:3476: $? = 1
configure: failed program was:
| /* confdefs.h */
| #define PACKAGE_NAME "UKL"
| #define PACKAGE_TARNAME "ukl"
| #define PACKAGE_VERSION "1.0.0"
| #define PACKAGE_STRING "UKL 1.0.0"
| #define PACKAGE_BUGREPORT ""
| #define PACKAGE_URL ""
| #define HAVE_STDIO_H 1
| #define HAVE_STDLIB_H 1
| #define HAVE_STRING_H 1
| #define HAVE_INTTYPES_H 1
| #define HAVE_STDINT_H 1
| #define HAVE_STRINGS_H 1
| #define HAVE_SYS_STAT_H 1
| #define HAVE_SYS_TYPES_H 1
| #define HAVE_UNISTD_H 1
| #define HAVE_WCHAR_H 1
| /* end confdefs.h.  */
| #include <stddef.h>
| #ifdef HAVE_STDIO_H
| # include <stdio.h>
| #endif
| #ifdef HAVE_STDLIB_H
| # include <stdlib.h>
| #endif
| #ifdef HAVE_STRING_H
| # include <string.h>
| #endif
| #ifdef HAVE_INTTYPES_H
| # include <inttypes.h>
| #endif
| #ifdef HAVE_STDINT_H
| # include <stdint.h>
| #endif
| #ifdef HAVE_STRINGS_H
| # include <strings.h>
| #endif
| #ifdef HAVE_SYS_TYPES_H
| # include <sys/types.h>
| #endif
| #ifdef HAVE_SYS_STAT_H
| # include <sys/stat.h>
| #endif
| #ifdef HAVE_UNISTD_H
| # include <unistd.h>
| #endif
| #include <minix/config.h>
configure:3476: result: no
configure:3507: checking whether it is safe to define __EXTENSIONS__
configure:3526: gcc -c -g -O2  conftest.c >&5
configure:3526: $? = 0
configure:3534: result: yes
configure:3537: checking whether _XOPEN_SOURCE should be defined
configure:3559: gcc -c -g -O2  conftest.c >&5
configure:3559: $? = 0
configure:3586: result: no
configure:3660: checking for a BSD-compatible install
configure:3733: result: /usr/bin/install -c
configure:3744: checking whether build environment is sane
configure:3799: result: yes
configure:3954: checking for a race-free mkdir -p
configure:3998: result: /usr/bin/mkdir -p
configure:4005: checking for gawk
configure:4026: found /usr/bin/gawk
configure:4037: result: gawk
configure:4048: checking whether make sets $(MAKE)
configure:4071: result: yes
configure:4093: checking whether make supports the include directive
configure:4108: make -f confmf.GNU && cat confinc.out
make[4]: Entering directory '/home/vraiti/ukl/ukl/initrd'
make[4]: Leaving directory '/home/vraiti/ukl/ukl/initrd'
this is the am__doit target
configure:4111: $? = 0
configure:4130: result: yes (GNU style)
configure:4165: checking whether make supports nested variables
configure:4183: result: yes
configure:4200: error: source directory already configured; run "make distclean" there first

## ---------------- ##
## Cache variables. ##
## ---------------- ##

ac_cv_c_compiler_gnu=yes
ac_cv_env_CC_set=
ac_cv_env_CC_value=
ac_cv_env_CFLAGS_set=
ac_cv_env_CFLAGS_value=
ac_cv_env_CPPFLAGS_set=
ac_cv_env_CPPFLAGS_value=
ac_cv_env_CPP_set=
ac_cv_env_CPP_value=
ac_cv_env_LDFLAGS_set=
ac_cv_env_LDFLAGS_value=
ac_cv_env_LIBS_set=
ac_cv_env_LIBS_value=
ac_cv_env_build_alias_set=
ac_cv_env_build_alias_value=
ac_cv_env_host_alias_set=
ac_cv_env_host_alias_value=
ac_cv_env_target_alias_set=
ac_cv_env_target_alias_value=
ac_cv_header_inttypes_h=yes
ac_cv_header_minix_config_h=no
ac_cv_header_stdint_h=yes
ac_cv_header_stdio_h=yes
ac_cv_header_stdlib_h=yes
ac_cv_header_string_h=yes
ac_cv_header_strings_h=yes
ac_cv_header_sys_stat_h=yes
ac_cv_header_sys_types_h=yes
ac_cv_header_unistd_h=yes
ac_cv_header_wchar_h=yes
ac_cv_objext=o
ac_cv_path_install='/usr/bin/install -c'
ac_cv_path_mkdir=/usr/bin/mkdir
ac_cv_prog_AWK=gawk
ac_cv_prog_ac_ct_CC=gcc
ac_cv_prog_cc_c11=
ac_cv_prog_cc_g=yes
ac_cv_prog_cc_stdc=
ac_cv_prog_make_make_set=yes
ac_cv_safe_to_define___extensions__=yes
ac_cv_should_define__xopen_source=no
am_cv_make_support_nested_variables=yes
am_cv_prog_cc_c_o=yes

## ----------------- ##
## Output variables. ##
## ----------------- ##

ACLOCAL=''
AMDEPBACKSLASH='\'
AMDEP_FALSE='#'
AMDEP_TRUE=''
AMTAR=''
AM_BACKSLASH='\'
AM_DEFAULT_V='$(AM_DEFAULT_VERBOSITY)'
AM_DEFAULT_VERBOSITY='1'
AM_V='$(V)'
ARCHIVE=''
AUTOCONF=''
AUTOHEADER=''
AUTOMAKE=''
AWK='gawk'
CC='gcc'
CCDEPMODE=''
CFLAGS='-g -O2'
CPP=''
CPPFLAGS=''
CSCOPE=''
CTAGS=''
CYGPATH_W=''
DEFAULT_PIE_FALSE=''
DEFAULT_PIE_TRUE=''
DEFS=''
DEPDIR='.deps'
ECHO_C=''
ECHO_N='-n'
ECHO_T=''
ENABLE_BYPASS_FALSE=''
ENABLE_BYPASS_TRUE=''
ENABLE_SAME_STACK_FALSE=''
ENABLE_SAME_STACK_TRUE=''
ENABLE_SHORTCUT_FALSE=''
ENABLE_SHORTCUT_TRUE=''
ENABLE_USE_IST_PF_FALSE=''
ENABLE_USE_IST_PF_TRUE=''
ENABLE_USE_RET_FALSE=''
ENABLE_USE_RET_TRUE=''
ETAGS=''
EXEEXT=''
INSTALL_DATA='${INSTALL} -m 644'
INSTALL_PROGRAM='${INSTALL}'
INSTALL_SCRIPT='${INSTALL}'
INSTALL_STRIP_PROGRAM='$(install_sh) -c -s'
LDFLAGS=''
LIBOBJS=''
LIBS=''
LTLIBOBJS=''
MAKEINFO=''
MKDIR_P='/usr/bin/mkdir -p'
OBJEXT='o'
PACKAGE=''
PACKAGE_BUGREPORT=''
PACKAGE_NAME='UKL'
PACKAGE_STRING='UKL 1.0.0'
PACKAGE_TARNAME='ukl'
PACKAGE_URL=''
PACKAGE_VERSION='1.0.0'
PATH_SEPARATOR=':'
PROGRAM=''
SED=''
SET_MAKE=''
SHELL='/bin/bash'
STRIP=''
TRIGGER=''
VERSION=''
ac_ct_CC='gcc'
am__EXEEXT_FALSE=''
am__EXEEXT_TRUE=''
am__fastdepCC_FALSE=''
am__fastdepCC_TRUE=''
am__include='include'
am__isrc=' -I$(srcdir)'
am__leading_dot='.'
am__nodep='_no'
am__quote=''
am__tar=''
am__untar=''
bindir='${exec_prefix}/bin'
build_alias=''
datadir='${datarootdir}'
datarootdir='${prefix}/share'
docdir='${datarootdir}/doc/${PACKAGE_TARNAME}'
dvidir='${docdir}'
exec_prefix='NONE'
host_alias=''
htmldir='${docdir}'
includedir='${prefix}/include'
infodir='${datarootdir}/info'
install_sh='${SHELL} /home/vraiti/ukl/ukl/install-sh'
libdir='${exec_prefix}/lib'
libexecdir='${exec_prefix}/libexec'
localedir='${datarootdir}/locale'
localstatedir='${prefix}/var'
mandir='${datarootdir}/man'
mkdir_p=''
oldincludedir='/usr/include'
pdfdir='${docdir}'
prefix='NONE'
program_transform_name='s,x,x,'
psdir='${docdir}'
runstatedir='${localstatedir}/run'
sbindir='${exec_prefix}/sbin'
sharedstatedir='${prefix}/com'
sysconfdir='${prefix}/etc'
target_alias=''

## ----------- ##
## confdefs.h. ##
## ----------- ##

/* confdefs.h */
#define PACKAGE_NAME "UKL"
#define PACKAGE_TARNAME "ukl"
#define PACKAGE_VERSION "1.0.0"
#define PACKAGE_STRING "UKL 1.0.0"
#define PACKAGE_BUGREPORT ""
#define PACKAGE_URL ""
#define HAVE_STDIO_H 1
#define HAVE_STDLIB_H 1
#define HAVE_STRING_H 1
#define HAVE_INTTYPES_H 1
#define HAVE_STDINT_H 1
#define HAVE_STRINGS_H 1
#define HAVE_SYS_STAT_H 1
#define HAVE_SYS_TYPES_H 1
#define HAVE_UNISTD_H 1
#define HAVE_WCHAR_H 1
#define STDC_HEADERS 1
#define _ALL_SOURCE 1
#define _DARWIN_C_SOURCE 1
#define _GNU_SOURCE 1
#define _HPUX_ALT_XOPEN_SOCKET_API 1
#define _NETBSD_SOURCE 1
#define _OPENBSD_SOURCE 1
#define _POSIX_PTHREAD_SEMANTICS 1
#define __STDC_WANT_IEC_60559_ATTRIBS_EXT__ 1
#define __STDC_WANT_IEC_60559_BFP_EXT__ 1
#define __STDC_WANT_IEC_60559_DFP_EXT__ 1
#define __STDC_WANT_IEC_60559_FUNCS_EXT__ 1
#define __STDC_WANT_IEC_60559_TYPES_EXT__ 1
#define __STDC_WANT_LIB_EXT2__ 1
#define __STDC_WANT_MATH_SPEC_FUNCS__ 1
#define _TANDEM_SOURCE 1
#define __EXTENSIONS__ 1

configure: exit 1
