This file contains any messages produced by compilers while
running configure, to aid debugging if configure makes a mistake.

It was created by GNU C Library configure (see version.h), which was
generated by GNU Autoconf 2.69.  Invocation command line was

  $ ../rtld/configure CFLAGS=-g -O2 -mno-red-zone -fthread-jumps --prefix=/home/vraiti/ukl/ukl/glibc --with-headers=/home/vraiti/ukl/ukl/glibc/../linux-headers --enable-hacker-mode --enable-timezone-tools --disable-build-nscd --disable-nscd --disable-tunables --disable-pt_chown --disable-werror x86_64-ukl build_alias=x86_64-ukl host_alias=x86_64-ukl target_alias=x86_64-ukl

## --------- ##
## Platform. ##
## --------- ##

hostname = MOC-R4PAC21U23-S3
uname -m = x86_64
uname -r = 6.1.0-17-amd64
uname -s = Linux
uname -v = #1 SMP PREEMPT_DYNAMIC Debian 6.1.69-1 (2023-12-30)

/usr/bin/uname -p = unknown
/bin/uname -X     = unknown

/bin/arch              = x86_64
/usr/bin/arch -k       = unknown
/usr/convex/getsysinfo = unknown
/usr/bin/hostinfo      = unknown
/bin/machine           = unknown
/usr/bin/oslevel       = unknown
/bin/universe          = unknown

PATH: /usr/local/bin
PATH: /usr/bin
PATH: /bin
PATH: /usr/local/games
PATH: /usr/games


## ----------- ##
## Core tests. ##
## ----------- ##

configure:2218: checking build system type
configure:2232: result: x86_64-pc-ukl
configure:2252: checking host system type
configure:2265: result: x86_64-pc-ukl
configure:2294: checking for x86_64-ukl-gcc
configure:2324: result: no
configure:2334: checking for gcc
configure:2350: found /usr/bin/gcc
configure:2361: result: gcc
configure:2590: checking for C compiler version
configure:2599: gcc --version >&5
gcc (Debian 12.2.0-14) 12.2.0
Copyright (C) 2022 Free Software Foundation, Inc.
This is free software; see the source for copying conditions.  There is NO
warranty; not even for MERCHANTABILITY or FITNESS FOR A PARTICULAR PURPOSE.

configure:2610: $? = 0
configure:2599: gcc -v >&5
Using built-in specs.
COLLECT_GCC=gcc
COLLECT_LTO_WRAPPER=/usr/lib/gcc/x86_64-linux-gnu/12/lto-wrapper
OFFLOAD_TARGET_NAMES=nvptx-none:amdgcn-amdhsa
OFFLOAD_TARGET_DEFAULT=1
Target: x86_64-linux-gnu
Configured with: ../src/configure -v --with-pkgversion='Debian 12.2.0-14' --with-bugurl=file:///usr/share/doc/gcc-12/README.Bugs --enable-languages=c,ada,c++,go,d,fortran,objc,obj-c++,m2 --prefix=/usr --with-gcc-major-version-only --program-suffix=-12 --program-prefix=x86_64-linux-gnu- --enable-shared --enable-linker-build-id --libexecdir=/usr/lib --without-included-gettext --enable-threads=posix --libdir=/usr/lib --enable-nls --enable-clocale=gnu --enable-libstdcxx-debug --enable-libstdcxx-time=yes --with-default-libstdcxx-abi=new --enable-gnu-unique-object --disable-vtable-verify --enable-plugin --enable-default-pie --with-system-zlib --enable-libphobos-checking=release --with-target-system-zlib=auto --enable-objc-gc=auto --enable-multiarch --disable-werror --enable-cet --with-arch-32=i686 --with-abi=m64 --with-multilib-list=m32,m64,mx32 --enable-multilib --with-tune=generic --enable-offload-targets=nvptx-none=/build/gcc-12-bTRWOB/gcc-12-12.2.0/debian/tmp-nvptx/usr,amdgcn-amdhsa=/build/gcc-12-bTRWOB/gcc-12-12.2.0/debian/tmp-gcn/usr --enable-offload-defaulted --without-cuda-driver --enable-checking=release --build=x86_64-linux-gnu --host=x86_64-linux-gnu --target=x86_64-linux-gnu
Thread model: posix
Supported LTO compression algorithms: zlib zstd
gcc version 12.2.0 (Debian 12.2.0-14) 
... rest of stderr output deleted ...
configure:2610: $? = 0
configure:2599: gcc -V >&5
gcc: error: unrecognized command-line option '-V'
gcc: fatal error: no input files
compilation terminated.
configure:2610: $? = 1
configure:2599: gcc -qversion >&5
gcc: error: unrecognized command-line option '-qversion'; did you mean '--version'?
gcc: fatal error: no input files
compilation terminated.
configure:2610: $? = 1
configure:2615: checking for suffix of object files
configure:2637: gcc -c -g -O2 -mno-red-zone -fthread-jumps  conftest.c >&5
configure:2641: $? = 0
configure:2662: result: o
configure:2666: checking whether we are using the GNU C compiler
configure:2685: gcc -c -g -O2 -mno-red-zone -fthread-jumps  conftest.c >&5
configure:2685: $? = 0
configure:2694: result: yes
configure:2703: checking whether gcc accepts -g
configure:2723: gcc -c -g  conftest.c >&5
configure:2723: $? = 0
configure:2764: result: yes
configure:2844: checking for x86_64-ukl-readelf
configure:2874: result: no
configure:2884: checking for readelf
configure:2900: found /usr/bin/readelf
configure:2911: result: readelf
configure:2949: checking for x86_64-ukl-g++
configure:2979: result: no
configure:2949: checking for x86_64-ukl-c++
configure:2979: result: no
configure:2949: checking for x86_64-ukl-gpp
configure:2979: result: no
configure:2949: checking for x86_64-ukl-aCC
configure:2979: result: no
configure:2949: checking for x86_64-ukl-CC
configure:2979: result: no
configure:2949: checking for x86_64-ukl-cxx
configure:2979: result: no
configure:2949: checking for x86_64-ukl-cc++
configure:2979: result: no
configure:2949: checking for x86_64-ukl-cl.exe
configure:2979: result: no
configure:2949: checking for x86_64-ukl-FCC
configure:2979: result: no
configure:2949: checking for x86_64-ukl-KCC
configure:2979: result: no
configure:2949: checking for x86_64-ukl-RCC
configure:2979: result: no
configure:2949: checking for x86_64-ukl-xlC_r
configure:2979: result: no
configure:2949: checking for x86_64-ukl-xlC
configure:2979: result: no
configure:2993: checking for g++
configure:3009: found /usr/bin/g++
configure:3020: result: g++
configure:3047: checking for C++ compiler version
configure:3056: g++ --version >&5
g++ (Debian 12.2.0-14) 12.2.0
Copyright (C) 2022 Free Software Foundation, Inc.
This is free software; see the source for copying conditions.  There is NO
warranty; not even for MERCHANTABILITY or FITNESS FOR A PARTICULAR PURPOSE.

configure:3067: $? = 0
configure:3056: g++ -v >&5
Using built-in specs.
COLLECT_GCC=g++
COLLECT_LTO_WRAPPER=/usr/lib/gcc/x86_64-linux-gnu/12/lto-wrapper
OFFLOAD_TARGET_NAMES=nvptx-none:amdgcn-amdhsa
OFFLOAD_TARGET_DEFAULT=1
Target: x86_64-linux-gnu
Configured with: ../src/configure -v --with-pkgversion='Debian 12.2.0-14' --with-bugurl=file:///usr/share/doc/gcc-12/README.Bugs --enable-languages=c,ada,c++,go,d,fortran,objc,obj-c++,m2 --prefix=/usr --with-gcc-major-version-only --program-suffix=-12 --program-prefix=x86_64-linux-gnu- --enable-shared --enable-linker-build-id --libexecdir=/usr/lib --without-included-gettext --enable-threads=posix --libdir=/usr/lib --enable-nls --enable-clocale=gnu --enable-libstdcxx-debug --enable-libstdcxx-time=yes --with-default-libstdcxx-abi=new --enable-gnu-unique-object --disable-vtable-verify --enable-plugin --enable-default-pie --with-system-zlib --enable-libphobos-checking=release --with-target-system-zlib=auto --enable-objc-gc=auto --enable-multiarch --disable-werror --enable-cet --with-arch-32=i686 --with-abi=m64 --with-multilib-list=m32,m64,mx32 --enable-multilib --with-tune=generic --enable-offload-targets=nvptx-none=/build/gcc-12-bTRWOB/gcc-12-12.2.0/debian/tmp-nvptx/usr,amdgcn-amdhsa=/build/gcc-12-bTRWOB/gcc-12-12.2.0/debian/tmp-gcn/usr --enable-offload-defaulted --without-cuda-driver --enable-checking=release --build=x86_64-linux-gnu --host=x86_64-linux-gnu --target=x86_64-linux-gnu
Thread model: posix
Supported LTO compression algorithms: zlib zstd
gcc version 12.2.0 (Debian 12.2.0-14) 
... rest of stderr output deleted ...
configure:3067: $? = 0
configure:3056: g++ -V >&5
g++: error: unrecognized command-line option '-V'
g++: fatal error: no input files
compilation terminated.
configure:3067: $? = 1
configure:3056: g++ -qversion >&5
g++: error: unrecognized command-line option '-qversion'; did you mean '--version'?
g++: fatal error: no input files
compilation terminated.
configure:3067: $? = 1
configure:3071: checking whether we are using the GNU C++ compiler
configure:3090: g++ -c   conftest.cpp >&5
configure:3090: $? = 0
configure:3099: result: yes
configure:3108: checking whether g++ accepts -g
configure:3128: g++ -c -g  conftest.cpp >&5
configure:3128: $? = 0
configure:3169: result: yes
configure:3194: checking whether g++ can link programs
configure:3217: g++ -o conftest -g -O2   conftest.cpp  >&5
configure:3217: $? = 0
configure:3240: g++ -o conftest -g -O2   -static conftest.cpp  >&5
configure:3240: $? = 0
configure:3255: result: yes
configure:3796: gcc -c -g -O2 -mno-red-zone -fthread-jumps  conftest.c >&5
conftest.c: In function 'main':
conftest.c:17:2: error: #error no CET compiler support
   17 | #error no CET compiler support
      |  ^~~~~
configure:3796: $? = 1
configure: failed program was:
| /* confdefs.h */
| #define PACKAGE_NAME "GNU C Library"
| #define PACKAGE_TARNAME "glibc"
| #define PACKAGE_VERSION "(see version.h)"
| #define PACKAGE_STRING "GNU C Library (see version.h)"
| #define PACKAGE_BUGREPORT "https://sourceware.org/bugzilla/"
| #define PACKAGE_URL "https://www.gnu.org/software/glibc/"
| #define PKGVERSION "(GNU libc) "
| #define REPORT_BUGS_TO "<https://www.gnu.org/software/libc/bugs.html>"
| /* end confdefs.h.  */
| 
| int
| main ()
| {
| 
| #ifndef __CET__
| #error no CET compiler support
| #endif
|   ;
|   return 0;
| }
configure:3855: checking for sysdeps preconfigure fragments
configure:6: checking for grep that handles long lines and -e
configure:64: result: /usr/bin/grep
configure:69: checking for egrep
configure:131: result: /usr/bin/grep -E
configure:6: checking for grep that handles long lines and -e
configure:64: result: /usr/bin/grep
configure:69: checking for egrep
configure:131: result: /usr/bin/grep -E
configure:9: checking whether gcc compiles in -mx32 mode by default
configure:27: gcc -c -g -O2 -mno-red-zone -fthread-jumps  conftest.c >&5
conftest.c:12:3: error: #error not x32
   12 | # error not x32
      |   ^~~~~
configure:27: $? = 1
configure: failed program was:
| /* confdefs.h */
| #define PACKAGE_NAME "GNU C Library"
| #define PACKAGE_TARNAME "glibc"
| #define PACKAGE_VERSION "(see version.h)"
| #define PACKAGE_STRING "GNU C Library (see version.h)"
| #define PACKAGE_BUGREPORT "https://sourceware.org/bugzilla/"
| #define PACKAGE_URL "https://www.gnu.org/software/glibc/"
| #define PKGVERSION "(GNU libc) "
| #define REPORT_BUGS_TO "<https://www.gnu.org/software/libc/bugs.html>"
| /* end confdefs.h.  */
| #ifndef __ILP32__
| # error not x32
| #endif
| int
| main ()
| {
| 
|   ;
|   return 0;
| }
configure:34: result: no
configure:3862: result: 
configure:3892: checking for use of fpu sysdeps directories
configure:3911: result: yes
configure:3915: checking for -fstack-protector
configure:3921: gcc -g -O2 -mno-red-zone -fthread-jumps  -Werror -fstack-protector -xc /dev/null -S -o /dev/null
configure:3924: $? = 0
configure:3932: result: yes
configure:3935: checking for -fstack-protector-strong
configure:3941: gcc -g -O2 -mno-red-zone -fthread-jumps  -Werror -fstack-protector-strong -xc /dev/null -S -o /dev/null
configure:3944: $? = 0
configure:3952: result: yes
configure:3955: checking for -fstack-protector-all
configure:3961: gcc -g -O2 -mno-red-zone -fthread-jumps  -Werror -fstack-protector-all -xc /dev/null -S -o /dev/null
configure:3964: $? = 0
configure:3972: result: yes
configure:4015: checking for assembler and linker STT_GNU_IFUNC support

Relocation section '.rela.dyn' at offset 0x248 contains 1 entry:
  Offset          Info           Type           Sym. Value    Sym. Name + Addend
000000002000  000000000025 R_X86_64_IRELATIV                    1000
configure:4046: result: yes
configure:4050: checking for gcc attribute ifunc support
configure:4076: result: yes
configure:4081: checking whether the linker supports textrels along with ifunc
configure:4111: gcc -g -O2 -mno-red-zone -fthread-jumps   -nostartfiles -nostdlib -fno-stack-protector -pie -o conftest conftest.S
/usr/bin/ld: /tmp/ccAFRzQC.o: warning: relocation against `address' in read-only section `.text'
/usr/bin/ld: warning: GNU indirect functions with DT_TEXTREL may result in a segfault at runtime; recompile with -fPIE
/usr/bin/ld: warning: creating DT_TEXTREL in a PIE
configure:4114: $? = 0
configure:4121: result: yes
configure:4126: checking if compiler warns about alias for function with incompatible types
conftest.c:9:34: error: 'foo_alias' alias between functions of incompatible types 'int(const void *, int)' and 'int (*(void))(const void *, int)' [-Werror=attribute-alias=]
    9 | extern __typeof (__redirect_foo) foo_alias __attribute__ ((alias ("foo")));
      |                                  ^~~~~~~~~
conftest.c:4:28: note: aliased declaration here
    4 | __typeof (__redirect_foo) *foo_impl (void)
      |                            ^~~~~~~~
cc1: all warnings being treated as errors
configure:4148: result: yes
configure:4186: checking sysdep dirs
configure:4385: result: sysdeps/generic
configure:4405: checking for a BSD-compatible install
configure:4473: result: /usr/bin/install -c
configure:4488: checking whether ln -s works
configure:4492: result: yes
configure:4518: checking whether as is GNU as
configure:4532: result: yes
configure:4537: checking whether ld is GNU ld
configure:4551: result: yes
configure:4561: checking for as
configure:4588: result: as
configure:4603: checking version of as
configure:4613: result: 2.40, ok
configure:4691: checking for ld
configure:4718: result: ld
configure:4733: checking version of ld
configure:4743: result: 2.40, ok
configure:4758: checking for gnumake
configure:4788: result: no
configure:4758: checking for gmake
configure:4774: found /usr/bin/gmake
configure:4785: result: gmake
configure:4800: checking version of gmake
configure:4810: result: 4.3, ok
configure:4822: checking for gnumsgfmt
configure:4852: result: no
configure:4822: checking for gmsgfmt
configure:4852: result: no
configure:4822: checking for msgfmt
configure:4852: result: no
configure:4885: checking for makeinfo
configure:4915: result: no
configure:4948: checking for sed
configure:4964: found /usr/bin/sed
configure:4975: result: sed
configure:4990: checking version of sed
configure:5000: result: 4.9, ok
configure:5011: checking for gawk
configure:5027: found /usr/bin/gawk
configure:5038: result: gawk
configure:5053: checking version of gawk
configure:5063: result: 5.2.1, ok
configure:5074: checking for bison
configure:5090: found /usr/bin/bison
configure:5101: result: bison
configure:5116: checking version of bison
configure:5126: result: 3.8.2, ok
configure:5134: checking if gcc is sufficient to build libc
configure:5154: gcc -c -g -O2 -mno-red-zone -fthread-jumps  conftest.c >&5
configure:5154: $? = 0
configure:5161: result: yes
configure:5170: checking for x86_64-ukl-nm
configure:5200: result: no
configure:5210: checking for nm
configure:5226: found /usr/bin/nm
configure:5237: result: nm
configure:5335: checking for python3
configure:5351: found /usr/bin/python3
configure:5362: result: python3
configure:5377: checking version of python3
configure:5387: result: 3.11.2, ok
configure:5404: WARNING:
*** These auxiliary programs are missing or incompatible versions: msgfmt makeinfo
*** some features or tests will be disabled.
*** Check the INSTALL file for required versions.
configure:5455: checking LD_LIBRARY_PATH variable
configure:5465: result: ok
configure:5476: checking for bash
configure:5494: found /usr/bin/bash
configure:5507: result: /usr/bin/bash
configure:5518: checking for perl
configure:5536: found /usr/bin/perl
configure:5549: result: /usr/bin/perl
configure:5563: checking for install-info
configure:5582: found /usr/bin/install-info
configure:5595: result: /usr/bin/install-info
configure:5604: checking for .set assembler directive
/usr/bin/ld: warning: /tmp/ccfFAxec.o: missing .note.GNU-stack section implies executable stack
/usr/bin/ld: NOTE: This behaviour is deprecated and will be removed in a future version of the linker
configure:5630: result: yes
configure:5637: checking linker support for protected data symbol
configure:5647: gcc -nostdlib -nostartfiles -fno-stack-protector -fPIC -shared conftest.c -o conftest.so
configure:5650: $? = 0
configure:5657: gcc -nostdlib -nostartfiles -fno-stack-protector conftest.c -o conftest conftest.so
/usr/bin/ld: /tmp/ccxuIBea.o: copy relocation against non-copyable protected symbol `bar' in conftest.so
collect2: error: ld returned 1 exit status
configure:5660: $? = 1
configure:5668: result: no
configure:5672: checking linker support for INSERT in linker script
configure:5690: gcc -nostdlib -nostartfiles -fno-stack-protector -fPIC -shared conftest.c -Wl,-T,conftest.t -o conftest.so
configure:5693: $? = 0
configure:5700: result: yes
configure:5704: checking for broken __attribute__((alias()))
configure:5719: gcc -Werror -S conftest.c -o conftest.s 1>&5
configure:5722: $? = 0
configure:5732: result: no
configure:5738: checking whether to put _rtld_local into .sdata section
configure:5752: result: no
configure:5759: checking whether to use .ctors/.dtors header and trailer
configure:5776: gcc -g -O2 -mno-red-zone -fthread-jumps   -fno-stack-protector -o conftest
		       conftest.c -static -nostartfiles -nostdlib
		       1>&5
configure:5779: $? = 0
configure:5805: result: no
configure:5812: checking for libunwind-support in compiler
configure:5829: result: no
configure:5838: checking whether --noexecstack is desirable for .S files
configure:5848: gcc -g -O2 -mno-red-zone -fthread-jumps 
		   -S -o conftest.s conftest.c 1>&5
configure:5851: $? = 0
configure:5856: gcc  -Wa,--noexecstack
		      -c -o conftest.o conftest.s 1>&5
configure:5859: $? = 0
configure:5868: result: yes
configure:5875: checking for -z combreloc
configure:5889: gcc -g -O2 -mno-red-zone -fthread-jumps  
			-fPIC -shared -fno-stack-protector -o conftest.so conftest.c
			-nostdlib -nostartfiles
			-Wl,-z,combreloc 1>&5
configure:5892: $? = 0
configure:5905: result: yes
configure:5913: checking for linker that supports -z execstack
configure:5926: gcc -g -O2 -mno-red-zone -fthread-jumps   -fno-stack-protector
				-Wl,-z,execstack -nostdlib -nostartfiles
				-fPIC -shared -o conftest.so conftest.c
				1>&5
configure:5929: $? = 0
configure:5942: result: yes
configure:5946: checking for linker that supports --no-dynamic-linker
configure:5959: gcc -g -O2 -mno-red-zone -fthread-jumps   -fno-stack-protector
				-Wl,--no-dynamic-linker -nostdlib -nostartfiles
				-fPIC -shared -o conftest.so conftest.c
				1>&5
configure:5962: $? = 0
configure:5975: result: yes
configure:5980: checking for -static-pie
configure:5986: gcc -static-pie -xc /dev/null -S -o /dev/null
configure:5989: $? = 0
configure:5997: result: yes
configure:6002: checking for -fpie
configure:6008: gcc -fpie -xc /dev/null -S -o /dev/null
configure:6011: $? = 0
configure:6019: result: yes
configure:6024: checking for --hash-style option
configure:6035: gcc -g -O2 -mno-red-zone -fthread-jumps   -fno-stack-protector
			    -fPIC -shared -o conftest.so conftest.c
			    -Wl,--hash-style=both -nostdlib 1>&5
configure:6038: $? = 0
configure:6047: result: yes
configure:6055: checking for sufficient default -shared layout
configure:6074:   gcc  -shared -o conftest.so conftest.s 1>&5
/usr/bin/ld: warning: /tmp/ccsPWtQx.o: missing .note.GNU-stack section implies executable stack
/usr/bin/ld: NOTE: This behaviour is deprecated and will be removed in a future version of the linker
configure:6077: $? = 0
configure:6109: result: yes
configure:6114: checking for GLOB_DAT reloc
configure:6127: gcc -g -O2 -mno-red-zone -fthread-jumps  
			-fPIC -shared -o conftest.so conftest.c
			-nostdlib -nostartfiles -fno-stack-protector
			1>&5
configure:6130: $? = 0
configure:6143: result: yes
configure:6147: checking linker output format
configure:6161: result: elf64-x86-64
configure:6165: checking for -fno-toplevel-reorder -fno-section-anchors
configure:6175: gcc -g -O2 -mno-red-zone -fthread-jumps  -S -fno-toplevel-reorder -fno-section-anchors
			    conftest.c 1>&5
configure:6178: $? = 0
configure:6187: result: yes
configure:6196: checking for -mtls-dialect=gnu2
configure:6210: gcc -g -O2 -mno-red-zone -fthread-jumps  -S -fPIC -mtls-dialect=gnu2
		   conftest.c 1>&5
configure:6213: $? = 0
configure:6222: result: yes
configure:6228: checking whether cc puts quotes around section names
configure:6249: result: no
configure:6256: checking for __builtin_memset
configure:6268: gcc -O3 -S conftest.c -o - | grep -F memset > /dev/null
configure:6271: $? = 1
configure:6280: result: yes
configure:6287: checking for redirection of built-in functions
configure:6300: gcc -O3 -S conftest.c -o - | grep -F my_strstr > /dev/null
configure:6303: $? = 0
configure:6312: result: yes
configure:6318: checking for compiler option to disable generation of FMA instructions
configure:6326: gcc -ffp-contract=off -xc /dev/null -S -o /dev/null
configure:6329: $? = 0
configure:6335: result: -ffp-contract=off
configure:6368: checking if gcc accepts -fno-tree-loop-distribute-patterns with __attribute__ ((__optimize__))
configure:6381: gcc -g -O2 -mno-red-zone -fthread-jumps  -c conftest.c
configure:6384: $? = 0
configure:6391: result: yes
configure:6399: checking for libgd
configure:6419: gcc -o conftest -g -O2 -mno-red-zone -fthread-jumps     conftest.c  -lgd -lpng -lz -lm >&5
conftest.c:19:10: fatal error: gd.h: No such file or directory
   19 | #include <gd.h>
      |          ^~~~~~
compilation terminated.
configure:6419: $? = 1
configure: failed program was:
| /* confdefs.h */
| #define PACKAGE_NAME "GNU C Library"
| #define PACKAGE_TARNAME "glibc"
| #define PACKAGE_VERSION "(see version.h)"
| #define PACKAGE_STRING "GNU C Library (see version.h)"
| #define PACKAGE_BUGREPORT "https://sourceware.org/bugzilla/"
| #define PACKAGE_URL "https://www.gnu.org/software/glibc/"
| #define PKGVERSION "(GNU libc) "
| #define REPORT_BUGS_TO "<https://www.gnu.org/software/libc/bugs.html>"
| #define HAVE_CC_NO_STACK_PROTECTOR 1
| #define STACK_PROTECTOR_LEVEL 0
| #define USE_MULTIARCH 1
| #define HAVE_ASM_SET_DIRECTIVE 1
| #define NO_CTORS_DTORS_SECTIONS 1
| #define HAVE_Z_COMBRELOC 1
| #define HAVE_BUILTIN_MEMSET 1
| #define HAVE_CC_INHIBIT_LOOP_TO_LIBCALL 1
| /* end confdefs.h.  */
| #include <gd.h>
| int
| main ()
| {
| gdImagePng (0, 0)
|   ;
|   return 0;
| }
configure:6432: result: no
configure:6441: checking for is_selinux_enabled in -lselinux
configure:6466: gcc -o conftest -g -O2 -mno-red-zone -fthread-jumps   conftest.c -lselinux   >&5
/usr/bin/ld: cannot find -lselinux: No such file or directory
collect2: error: ld returned 1 exit status
configure:6466: $? = 1
configure: failed program was:
| /* confdefs.h */
| #define PACKAGE_NAME "GNU C Library"
| #define PACKAGE_TARNAME "glibc"
| #define PACKAGE_VERSION "(see version.h)"
| #define PACKAGE_STRING "GNU C Library (see version.h)"
| #define PACKAGE_BUGREPORT "https://sourceware.org/bugzilla/"
| #define PACKAGE_URL "https://www.gnu.org/software/glibc/"
| #define PKGVERSION "(GNU libc) "
| #define REPORT_BUGS_TO "<https://www.gnu.org/software/libc/bugs.html>"
| #define HAVE_CC_NO_STACK_PROTECTOR 1
| #define STACK_PROTECTOR_LEVEL 0
| #define USE_MULTIARCH 1
| #define HAVE_ASM_SET_DIRECTIVE 1
| #define NO_CTORS_DTORS_SECTIONS 1
| #define HAVE_Z_COMBRELOC 1
| #define HAVE_BUILTIN_MEMSET 1
| #define HAVE_CC_INHIBIT_LOOP_TO_LIBCALL 1
| /* end confdefs.h.  */
| 
| /* Override any GCC internal prototype to avoid an error.
|    Use char because int might match the return type of a GCC
|    builtin and then its argument prototype would still apply.  */
| #ifdef __cplusplus
| extern "C"
| #endif
| char is_selinux_enabled ();
| int
| main ()
| {
| return is_selinux_enabled ();
|   ;
|   return 0;
| }
configure:6475: result: no
configure:6598: checking for _FORTIFY_SOURCE predefine
configure:6617: gcc -c -g -O2 -mno-red-zone -fthread-jumps  conftest.c >&5
configure:6617: $? = 0
configure:6624: result: no
configure:6634: checking whether the linker provides working __ehdr_start
configure:6657: gcc -o conftest -g -O2 -mno-red-zone -fthread-jumps -fPIC   -nostdlib -nostartfiles -shared -fno-stack-protector conftest.c  >&5
configure:6657: $? = 0
configure:6673: result: yes
configure:6683: checking for __builtin_trap with no external dependencies
configure:6700: gcc -c -g -O2 -mno-red-zone -fthread-jumps  conftest.c >&5
configure:6700: $? = 0
libc_undefs=''
configure:6714: result: yes
configure:6728: checking whether the C++ compiler supports thread_local
configure:6756: g++ -c -g -O2 -std=gnu++11  conftest.cpp >&5
configure:6756: $? = 0
configure:6765: result: yes
configure:6795: result: running configure fragment for sysdeps/unix/sysv/linux/x86_64/64
configure:6795: result: running configure fragment for sysdeps/unix/sysv/linux/x86_64
configure:6795: result: running configure fragment for sysdeps/unix/sysv/linux
configure:9: checking installed Linux kernel header files
configure:28: gcc -c -g -O2 -mno-red-zone -fthread-jumps  -nostdinc -isystem /usr/lib/gcc/x86_64-linux-gnu/12/include -isystem /home/vraiti/ukl/ukl/glibc/../linux-headers conftest.c >&5
configure:28: $? = 0
configure:35: result: 3.2.0 or later
configure:69: checking for kernel header at least 3.2.0
configure:87: gcc -c -g -O2 -mno-red-zone -fthread-jumps  -nostdinc -isystem /usr/lib/gcc/x86_64-linux-gnu/12/include -isystem /home/vraiti/ukl/ukl/glibc/../linux-headers conftest.c >&5
configure:87: $? = 0
configure:93: result: ok
configure:142: checking for symlinks in /home/vraiti/ukl/ukl/glibc/include
configure:159: result: ok
configure:6795: result: running configure fragment for sysdeps/gnu
configure:6795: result: running configure fragment for sysdeps/x86_64
configure:4: checking for AVX512DQ support in assembler
configure:13: gcc -c  conftest.s 1>&5
configure:16: $? = 0
configure:24: result: yes
configure:31: checking for AVX512 support
configure:37: gcc -mavx512f -xc /dev/null -S -o /dev/null
configure:40: $? = 0
configure:48: result: yes
configure:57: checking -mprefer-vector-width=128
configure:63: gcc -mprefer-vector-width=128 -xc /dev/null -S -o /dev/null
configure:66: $? = 0
configure:74: result: yes
configure:79: checking for Intel MPX support
configure:88: gcc -c  conftest.s 1>&5
configure:91: $? = 0
configure:99: result: yes
configure:6795: result: running configure fragment for sysdeps/x86
configure:6858: checking whether -fPIC is default
conftest.c:2:3: error: #error PIC is default.
    2 | # error PIC is default.
      |   ^~~~~
configure:6874: result: yes
configure:6878: checking whether -fPIE is default
conftest.c:2:3: error: #error PIE is default.
    2 | # error PIE is default.
      |   ^~~~~
configure:6894: result: yes
configure:7040: creating ./config.status

## ---------------------- ##
## Running config.status. ##
## ---------------------- ##

This file was extended by GNU C Library config.status (see version.h), which was
generated by GNU Autoconf 2.69.  Invocation command line was

  CONFIG_FILES    = 
  CONFIG_HEADERS  = 
  CONFIG_LINKS    = 
  CONFIG_COMMANDS = 
  $ ./config.status 

on MOC-R4PAC21U23-S3

config.status:953: creating config.make
config.status:953: creating Makefile
config.status:953: creating config.h
config.status:1127: executing default commands

## ---------------- ##
## Cache variables. ##
## ---------------- ##

ac_cv_build=x86_64-pc-ukl
ac_cv_c_compiler_gnu=yes
ac_cv_cxx_compiler_gnu=yes
ac_cv_env_CCC_set=
ac_cv_env_CCC_value=
ac_cv_env_CC_set=
ac_cv_env_CC_value=
ac_cv_env_CFLAGS_set=set
ac_cv_env_CFLAGS_value='-g -O2 -mno-red-zone -fthread-jumps'
ac_cv_env_CPPFLAGS_set=
ac_cv_env_CPPFLAGS_value=
ac_cv_env_CPP_set=
ac_cv_env_CPP_value=
ac_cv_env_CXXFLAGS_set=
ac_cv_env_CXXFLAGS_value=
ac_cv_env_CXX_set=
ac_cv_env_CXX_value=
ac_cv_env_LDFLAGS_set=
ac_cv_env_LDFLAGS_value=
ac_cv_env_LIBS_set=
ac_cv_env_LIBS_value=
ac_cv_env_build_alias_set=set
ac_cv_env_build_alias_value=x86_64-ukl
ac_cv_env_host_alias_set=set
ac_cv_env_host_alias_value=x86_64-ukl
ac_cv_env_target_alias_set=set
ac_cv_env_target_alias_value=x86_64-ukl
ac_cv_host=x86_64-pc-ukl
ac_cv_lib_selinux_is_selinux_enabled=no
ac_cv_objext=o
ac_cv_path_BASH_SHELL=/usr/bin/bash
ac_cv_path_EGREP='/usr/bin/grep -E'
ac_cv_path_GREP=/usr/bin/grep
ac_cv_path_INSTALL_INFO=/usr/bin/install-info
ac_cv_path_PERL=/usr/bin/perl
ac_cv_path_install='/usr/bin/install -c'
ac_cv_prog_AS=as
ac_cv_prog_AWK=gawk
ac_cv_prog_BISON=bison
ac_cv_prog_LD=ld
ac_cv_prog_MAKE=gmake
ac_cv_prog_PYTHON_PROG=python3
ac_cv_prog_SED=sed
ac_cv_prog_ac_ct_CC=gcc
ac_cv_prog_ac_ct_CXX=g++
ac_cv_prog_ac_ct_NM=nm
ac_cv_prog_ac_ct_READELF=readelf
ac_cv_prog_cc_g=yes
ac_cv_prog_cxx_g=yes
libc_cv_as_noexecstack=yes
libc_cv_asm_avx512dq=yes
libc_cv_asm_mpx=yes
libc_cv_asm_set_directive=yes
libc_cv_broken_alias_attribute=no
libc_cv_builtin_trap=yes
libc_cv_cc_avx512=yes
libc_cv_cc_loop_to_function=yes
libc_cv_cc_mprefer_vector_width=yes
libc_cv_cc_nofma=-ffp-contract=off
libc_cv_cc_pie_default=yes
libc_cv_cc_with_libunwind=no
libc_cv_compiler_default_cet=no
libc_cv_compiler_ok=yes
libc_cv_ctors_header=no
libc_cv_cxx_link_ok=yes
libc_cv_cxx_thread_local=yes
libc_cv_ehdr_start=yes
libc_cv_fno_toplevel_reorder=yes
libc_cv_fpie=yes
libc_cv_gcc_builtin_memset=yes
libc_cv_gcc_builtin_redirection=yes
libc_cv_gcc_incompatible_alias=yes
libc_cv_gcc_indirect_function=yes
libc_cv_gcc_unwind_find_fde=no
libc_cv_has_glob_dat=yes
libc_cv_hashstyle=yes
libc_cv_have_sdata_section=no
libc_cv_have_section_quotes=no
libc_cv_idn=no
libc_cv_insert=yes
libc_cv_ld_gnu_indirect_function=yes
libc_cv_linux320='3.2.0 or later'
libc_cv_localstatedir='${prefix}/var'
libc_cv_mtls_dialect_gnu2=yes
libc_cv_multidir=.
libc_cv_no_dynamic_linker=yes
libc_cv_nss_crypt=no
libc_cv_output_format=elf64-x86-64
libc_cv_pic_default=yes
libc_cv_pie_default=yes
libc_cv_predef_fortify_source=no
libc_cv_prog_as_gnu=yes
libc_cv_prog_ld_gnu=yes
libc_cv_protected_data=no
libc_cv_ssp=yes
libc_cv_ssp_all=yes
libc_cv_ssp_strong=yes
libc_cv_static_nss_crypt=no
libc_cv_static_pie=yes
libc_cv_sysconfdir='${prefix}/etc'
libc_cv_textrel_ifunc=yes
libc_cv_use_default_link=yes
libc_cv_with_fp=yes
libc_cv_x32=no
libc_cv_z_combreloc=yes
libc_cv_z_execstack=yes

## ----------------- ##
## Output variables. ##
## ----------------- ##

AR='ar'
AS='as'
ASFLAGS_config=' -Wa,--noexecstack'
AUTOCONF='no'
AWK='gawk'
BASH_SHELL='/usr/bin/bash'
BISON='bison'
BUILD_CC=''
CC='gcc'
CFLAGS='-g -O2 -mno-red-zone -fthread-jumps'
CPP='gcc -E'
CPPFLAGS=''
CPPUNDEFS=''
CXX='g++'
CXXFLAGS='-g -O2'
CXX_BITS_STD_ABS_H='/usr/include/c++/12/bits/std_abs.h'
CXX_CMATH_HEADER='/usr/include/c++/12/cmath'
CXX_CSTDLIB_HEADER='/usr/include/c++/12/cstdlib'
CXX_SYSINCLUDES=' -isystem /usr/include/c++/12 -isystem /usr/include/x86_64-linux-gnu/c++/12 -isystem /usr/include/c++/12/backward'
DEFINES=''
DEFS='-DHAVE_CONFIG_H'
ECHO_C=''
ECHO_N='-n'
ECHO_T=''
GPROF='gprof'
INSTALL_DATA='${INSTALL} -m 644'
INSTALL_INFO='/usr/bin/install-info'
INSTALL_PROGRAM='${INSTALL}'
INSTALL_SCRIPT='${INSTALL}'
LD='ld'
LDFLAGS=''
LIBGD='no'
LIBOBJS=''
LIBS=''
LN_S='ln -s'
LTLIBOBJS=''
MAKE='gmake'
MAKEINFO=':'
MSGFMT=':'
NM='nm'
OBJCOPY='objcopy'
OBJDUMP='objdump'
OBJEXT='o'
PACKAGE_BUGREPORT='https://sourceware.org/bugzilla/'
PACKAGE_NAME='GNU C Library'
PACKAGE_STRING='GNU C Library (see version.h)'
PACKAGE_TARNAME='glibc'
PACKAGE_URL='https://www.gnu.org/software/glibc/'
PACKAGE_VERSION='(see version.h)'
PATH_SEPARATOR=':'
PERL='/usr/bin/perl'
PKGVERSION='(GNU libc) '
PKGVERSION_TEXI='(GNU libc) '
PYTHON='python3 -B'
PYTHON_PROG='python3'
READELF='readelf'
RELEASE='stable'
REPORT_BUGS_TEXI='@uref{https://www.gnu.org/software/libc/bugs.html}'
REPORT_BUGS_TO='<https://www.gnu.org/software/libc/bugs.html>'
SED='sed'
SHELL='/bin/bash'
SYSINCLUDES='-nostdinc -isystem /usr/lib/gcc/x86_64-linux-gnu/12/include -isystem /home/vraiti/ukl/ukl/glibc/../linux-headers'
VERSION='2.31'
ac_ct_CC='gcc'
ac_ct_CXX='g++'
all_warnings=''
base_machine='x86_64'
bindir='${exec_prefix}/bin'
bindnow='no'
build='x86_64-pc-ukl'
build_alias='x86_64-ukl'
build_cpu='x86_64'
build_crypt='yes'
build_nscd='no'
build_obsolete_nsl='no'
build_os='ukl'
build_pt_chown='no'
build_vendor='pc'
cross_compiling='no'
datadir='${datarootdir}'
datarootdir='${prefix}/share'
docdir='${datarootdir}/doc/${PACKAGE_TARNAME}'
dvidir='${docdir}'
enable_timezone_tools='yes'
enable_werror='no'
exec_prefix='${prefix}'
experimental_malloc='yes'
extra_nonshared_cflags=''
fno_unit_at_a_time='-fno-toplevel-reorder -fno-section-anchors'
force_install='yes'
hardcoded_path_in_tests='no'
have_libaudit=''
have_libcap=''
have_selinux='no'
have_tunables='no'
host='x86_64-pc-ukl'
host_alias='x86_64-ukl'
host_cpu='x86_64'
host_os='ukl'
host_vendor='pc'
htmldir='${docdir}'
includedir='${prefix}/include'
infodir='${datarootdir}/info'
ldd_rewrite_script='sysdeps/unix/sysv/linux/x86_64/ldd-rewrite.sed'
libc_cv_cc_loop_to_function='yes'
libc_cv_cc_nofma='-ffp-contract=off'
libc_cv_cc_pie_default='yes'
libc_cv_cc_submachine=''
libc_cv_cc_with_libunwind='no'
libc_cv_complocaledir=''
libc_cv_cxx_thread_local='yes'
libc_cv_fpie='yes'
libc_cv_gcc_unwind_find_fde='no'
libc_cv_has_glob_dat='yes'
libc_cv_hashstyle='yes'
libc_cv_insert='yes'
libc_cv_localstatedir='${prefix}/var'
libc_cv_mtls_dialect_gnu2='yes'
libc_cv_multidir='.'
libc_cv_nss_crypt='no'
libc_cv_output_format='elf64-x86-64'
libc_cv_pic_default='yes'
libc_cv_pie_default='yes'
libc_cv_protected_data='no'
libc_cv_rootsbindir=''
libc_cv_rtlddir=''
libc_cv_slibdir=''
libc_cv_ssp='yes'
libc_cv_static_nss_crypt='no'
libc_cv_sysconfdir='${prefix}/etc'
libc_cv_textrel_ifunc='yes'
libc_cv_with_fp='yes'
libc_cv_z_combreloc='yes'
libc_cv_z_execstack='yes'
libc_extra_cflags=''
libc_extra_cppflags=''
libdir='${exec_prefix}/lib'
libexecdir='${exec_prefix}/libexec'
link_obsolete_rpc='no'
localedir='${datarootdir}/locale'
localstatedir='${prefix}/var'
mach_interface_list=''
mandir='${datarootdir}/man'
multi_arch='default'
no_stack_protector='-fno-stack-protector -DSTACK_PROTECTOR_LEVEL=0'
oldincludedir='/usr/include'
pdfdir='${docdir}'
prefix='/home/vraiti/ukl/ukl/glibc'
profile='no'
program_transform_name='s,x,x,'
psdir='${docdir}'
sbindir='${exec_prefix}/sbin'
shared='yes'
sharedstatedir='${prefix}/com'
stack_protector='-fno-stack-protector'
static=''
static_nss='no'
subdirs=' '
submachine=''
sysconfdir='${prefix}/etc'
sysheaders='/home/vraiti/ukl/ukl/glibc/../linux-headers'
sysnames=' sysdeps/unix/sysv/linux/ukl sysdeps/unix/sysv/linux/x86_64/64 sysdeps/unix/sysv/linux/x86_64 sysdeps/unix/sysv/linux/x86 sysdeps/x86/nptl sysdeps/unix/sysv/linux/wordsize-64 sysdeps/x86_64/nptl sysdeps/unix/sysv/linux sysdeps/nptl sysdeps/pthread sysdeps/gnu sysdeps/unix/inet sysdeps/unix/sysv sysdeps/unix/x86_64 sysdeps/unix sysdeps/posix sysdeps/x86_64/64 sysdeps/x86_64/fpu/multiarch sysdeps/x86_64/fpu sysdeps/x86/fpu sysdeps/x86_64/multiarch sysdeps/x86_64 sysdeps/x86 sysdeps/ieee754/float128 sysdeps/ieee754/ldbl-96 sysdeps/ieee754/dbl-64/wordsize-64 sysdeps/ieee754/dbl-64 sysdeps/ieee754/flt-32 sysdeps/wordsize-64 sysdeps/ieee754 sysdeps/generic'
target_alias='x86_64-ukl'
use_default_link='yes'
use_ldconfig='yes'
use_nscd='no'

## ----------- ##
## confdefs.h. ##
## ----------- ##

/* confdefs.h */
#define PACKAGE_NAME "GNU C Library"
#define PACKAGE_TARNAME "glibc"
#define PACKAGE_VERSION "(see version.h)"
#define PACKAGE_STRING "GNU C Library (see version.h)"
#define PACKAGE_BUGREPORT "https://sourceware.org/bugzilla/"
#define PACKAGE_URL "https://www.gnu.org/software/glibc/"
#define PKGVERSION "(GNU libc) "
#define REPORT_BUGS_TO "<https://www.gnu.org/software/libc/bugs.html>"
#define HAVE_CC_NO_STACK_PROTECTOR 1
#define STACK_PROTECTOR_LEVEL 0
#define USE_MULTIARCH 1
#define HAVE_ASM_SET_DIRECTIVE 1
#define NO_CTORS_DTORS_SECTIONS 1
#define HAVE_Z_COMBRELOC 1
#define HAVE_BUILTIN_MEMSET 1
#define HAVE_CC_INHIBIT_LOOP_TO_LIBCALL 1
#define HAVE_EHDR_START 1
#define HAVE_BUILTIN_TRAP 1
#define __LINUX_KERNEL_VERSION (3 * 65536 + 2 * 256 + 0)
#define __ABI_TAG_VERSION 3,2,0
#define HAVE_INLINED_SYSCALLS 1
#define HAVE_AVX512DQ_ASM_SUPPORT 1
#define HAVE_AVX512_SUPPORT 1
#define HAVE_MPX_SUPPORT 1
#define PI_STATIC_AND_HIDDEN 1
#define HAVE_IFUNC 1
#define HAVE_GCC_IFUNC 1
#define USE_LDCONFIG 1

configure: exit 0
